<?xml version="1.0" encoding="UTF-8"?>
<robot generator="Robot 6.1.1 (Python 3.10.12 on linux)" generated="20240326 17:14:43.522" rpa="false" schemaversion="4">
<suite id="s1" name="Teste" source="/home/ofra/workspace/Automacao_Correios/teste.robot">
<test id="s1-t1" name="Entrar no site" line="11">
<kw name="Dado que eu acesso o site dos correios">
<kw name="Open Browser" library="SeleniumLibrary">
<arg>https://www.correios.com.br/</arg>
<doc>Opens a new browser instance to the optional ``url``.</doc>
<msg timestamp="20240326 17:14:43.749" level="INFO">Opening browser 'firefox' to base url 'https://www.correios.com.br/'.</msg>
<status status="PASS" starttime="20240326 17:14:43.749" endtime="20240326 17:14:50.907"/>
</kw>
<kw name="Sleep" library="BuiltIn">
<arg>5s</arg>
<doc>Pauses the test executed for the given time.</doc>
<msg timestamp="20240326 17:14:55.909" level="INFO">Slept 5 seconds</msg>
<status status="PASS" starttime="20240326 17:14:50.908" endtime="20240326 17:14:55.909"/>
</kw>
<kw name="Close All Browsers" library="SeleniumLibrary">
<doc>Closes all open browsers and resets the browser cache.</doc>
<status status="PASS" starttime="20240326 17:14:55.910" endtime="20240326 17:14:57.109"/>
</kw>
<status status="PASS" starttime="20240326 17:14:43.748" endtime="20240326 17:14:57.109"/>
</kw>
<status status="PASS" starttime="20240326 17:14:43.747" endtime="20240326 17:14:57.110"/>
</test>
<status status="PASS" starttime="20240326 17:14:43.525" endtime="20240326 17:14:57.112"/>
</suite>
<statistics>
<total>
<stat pass="1" fail="0" skip="0">All Tests</stat>
</total>
<tag>
</tag>
<suite>
<stat pass="1" fail="0" skip="0" id="s1" name="Teste">Teste</stat>
</suite>
</statistics>
<errors>
</errors>
</robot>
