<?xml version="1.0" encoding="UTF-8"?>
<robot generator="Robot 6.1.1 (Python 3.10.12 on linux)" generated="20240327 15:16:17.801" rpa="false" schemaversion="4">
<suite id="s1" name="Teste" source="/home/ofra/workspace/Automacao_Correios/teste.robot">
<test id="s1-t1" name="Entrar no site" line="57">
<kw name="Dado que eu acesso o site dos correios">
<kw name="Open Browser" library="SeleniumLibrary">
<arg>url=https://www.correios.com.br/</arg>
<arg>browser=${Browser}</arg>
<doc>Opens a new browser instance to the optional ``url``.</doc>
<msg timestamp="20240327 15:16:18.141" level="INFO">Opening browser 'Chrome' to base url 'https://www.correios.com.br/'.</msg>
<status status="PASS" starttime="20240327 15:16:18.140" endtime="20240327 15:16:23.499"/>
</kw>
<status status="PASS" starttime="20240327 15:16:18.140" endtime="20240327 15:16:23.499"/>
</kw>
<kw name="E clique no botão BUSCA CEP OU Endereço">
<kw name="Click Element" library="SeleniumLibrary">
<arg>${COOKIE}</arg>
<doc>Click the element identified by ``locator``.</doc>
<msg timestamp="20240327 15:16:23.501" level="INFO">Clicking element '//a[@id='btnCookie']'.</msg>
<status status="PASS" starttime="20240327 15:16:23.500" endtime="20240327 15:16:23.673"/>
</kw>
<kw name="Scroll Element Into View" library="SeleniumLibrary">
<arg>${CEP_XPATH}</arg>
<doc>Scrolls the element identified by ``locator`` into view.</doc>
<status status="PASS" starttime="20240327 15:16:23.673" endtime="20240327 15:16:23.964"/>
</kw>
<kw name="Click Element" library="SeleniumLibrary">
<arg>${CEP_XPATH}</arg>
<doc>Click the element identified by ``locator``.</doc>
<msg timestamp="20240327 15:16:23.965" level="INFO">Clicking element '//span[.='Busca CEP ou Endereço']'.</msg>
<status status="PASS" starttime="20240327 15:16:23.964" endtime="20240327 15:16:24.649"/>
</kw>
<status status="PASS" starttime="20240327 15:16:23.499" endtime="20240327 15:16:24.649"/>
</kw>
<kw name="Quando eu escrever o endereço alves do rego" sourcename="Quando eu escrever o endereço ${endereco}">
<kw name="Input Text" library="SeleniumLibrary">
<arg>locator=${INPUT_ENDERECO_XPATH}</arg>
<arg>text=${CEPs.maracanau}</arg>
<doc>Types the given ``text`` into the text field identified by ``locator``.</doc>
<msg timestamp="20240327 15:16:24.651" level="INFO">Typing text '61939-140' into text field '//input[@id='endereco']'.</msg>
<status status="PASS" starttime="20240327 15:16:24.650" endtime="20240327 15:16:24.732"/>
</kw>
<status status="PASS" starttime="20240327 15:16:24.650" endtime="20240327 15:16:24.732"/>
</kw>
<kw name="E clicar em pesquisar">
<kw name="Click Button" library="SeleniumLibrary">
<arg>${BUTTON_PESQUISAR_XPATH}</arg>
<doc>Clicks the button identified by ``locator``.</doc>
<msg timestamp="20240327 15:16:24.734" level="INFO">Clicking button 'btn_pesquisar'.</msg>
<status status="PASS" starttime="20240327 15:16:24.733" endtime="20240327 15:16:24.807"/>
</kw>
<status status="PASS" starttime="20240327 15:16:24.733" endtime="20240327 15:16:24.807"/>
</kw>
<kw name="Então o sistema deve apresentar o CEP da pesquisa">
<kw name="Wait Until Element Is Visible" library="SeleniumLibrary">
<arg>locator=${RESULTADOS_PESQUISA_XPATH.logradouro}</arg>
<doc>Waits until the element ``locator`` is visible.</doc>
<status status="PASS" starttime="20240327 15:16:24.807" endtime="20240327 15:16:25.058"/>
</kw>
<kw name="Element Text Should Be" library="SeleniumLibrary">
<arg>locator=${RESULTADOS_PESQUISA_XPATH.logradouro}</arg>
<arg>expected=Avenida Parque Central</arg>
<doc>Verifies that element ``locator`` contains exact the text ``expected``.</doc>
<msg timestamp="20240327 15:16:25.061" level="INFO">Verifying element '//tbody/tr/td[@data-th='Logradouro/Nome']' contains exact text 'Avenida Parque Central'.</msg>
<status status="PASS" starttime="20240327 15:16:25.058" endtime="20240327 15:16:25.101"/>
</kw>
<status status="PASS" starttime="20240327 15:16:24.807" endtime="20240327 15:16:25.101"/>
</kw>
<kw name="Finaliza o teste" type="TEARDOWN">
<kw name="Take Screenshot" library="ScreenCapLibrary">
<arg>name=../screenshots/screenshot</arg>
<doc>Takes a screenshot in the specified format at library import and
embeds it into the log file (PNG by default).</doc>
<msg timestamp="20240327 15:16:25.233" level="INFO" html="true">&lt;a href="../screenshots/screenshot_7.png"&gt;&lt;img src="../screenshots/screenshot_7.png" width="800px"&gt;&lt;/a&gt;</msg>
<status status="PASS" starttime="20240327 15:16:25.102" endtime="20240327 15:16:25.234"/>
</kw>
<kw name="Close Browser" library="SeleniumLibrary">
<doc>Closes the current browser.</doc>
<status status="PASS" starttime="20240327 15:16:25.234" endtime="20240327 15:16:25.305"/>
</kw>
<status status="PASS" starttime="20240327 15:16:25.101" endtime="20240327 15:16:25.305"/>
</kw>
<status status="PASS" starttime="20240327 15:16:18.139" endtime="20240327 15:16:25.305"/>
</test>
<status status="PASS" starttime="20240327 15:16:17.802" endtime="20240327 15:16:25.306"/>
</suite>
<statistics>
<total>
<stat pass="1" fail="0" skip="0">All Tests</stat>
</total>
<tag>
</tag>
<suite>
<stat pass="1" fail="0" skip="0" id="s1" name="Teste">Teste</stat>
</suite>
</statistics>
<errors>
</errors>
</robot>
