<?xml version="1.0" encoding="UTF-8"?>
<robot generator="Robot 6.1.1 (Python 3.10.12 on linux)" generated="20240326 17:30:19.383" rpa="false" schemaversion="4">
<suite id="s1" name="Testes" source="/home/ofra/workspace/Automacao_Correios/testes">
<suite id="s1-s1" name="Suite 1" source="/home/ofra/workspace/Automacao_Correios/testes/suite 1">
<suite id="s1-s1-s1" name="Teste1" source="/home/ofra/workspace/Automacao_Correios/testes/suite 1/teste1.robot">
<test id="s1-s1-s1-t1" name="Entrar no site" line="12">
<kw name="Dado que eu acesso o site dos correios">
<kw name="Open Browser" library="SeleniumLibrary">
<arg>https://www.correios.com.br/</arg>
<doc>Opens a new browser instance to the optional ``url``.</doc>
<msg timestamp="20240326 17:30:19.541" level="INFO">Opening browser 'firefox' to base url 'https://www.correios.com.br/'.</msg>
<status status="PASS" starttime="20240326 17:30:19.541" endtime="20240326 17:30:26.598"/>
</kw>
<kw name="Close Browser" library="SeleniumLibrary">
<doc>Closes the current browser.</doc>
<status status="PASS" starttime="20240326 17:30:26.598" endtime="20240326 17:30:28.195"/>
</kw>
<status status="PASS" starttime="20240326 17:30:19.540" endtime="20240326 17:30:28.195"/>
</kw>
<status status="PASS" starttime="20240326 17:30:19.539" endtime="20240326 17:30:28.195"/>
</test>
<status status="PASS" starttime="20240326 17:30:19.404" endtime="20240326 17:30:28.196"/>
</suite>
<status status="PASS" starttime="20240326 17:30:19.402" endtime="20240326 17:30:28.198"/>
</suite>
<suite id="s1-s2" name="Suite 2" source="/home/ofra/workspace/Automacao_Correios/testes/suite 2">
<suite id="s1-s2-s1" name="Teste2" source="/home/ofra/workspace/Automacao_Correios/testes/suite 2/teste2.robot">
<test id="s1-s2-s1-t1" name="Entrar no site" line="11">
<kw name="Dado que eu acesso o site dos correios">
<kw name="Open Browser" library="SeleniumLibrary">
<arg>https://www.correios.com.br/</arg>
<doc>Opens a new browser instance to the optional ``url``.</doc>
<msg timestamp="20240326 17:30:28.207" level="INFO">Opening browser 'firefox' to base url 'https://www.correios.com.br/'.</msg>
<status status="PASS" starttime="20240326 17:30:28.206" endtime="20240326 17:30:36.302"/>
</kw>
<kw name="Close Browser" library="SeleniumLibrary">
<doc>Closes the current browser.</doc>
<status status="PASS" starttime="20240326 17:30:36.302" endtime="20240326 17:30:38.034"/>
</kw>
<status status="PASS" starttime="20240326 17:30:28.206" endtime="20240326 17:30:38.035"/>
</kw>
<status status="PASS" starttime="20240326 17:30:28.205" endtime="20240326 17:30:38.035"/>
</test>
<status status="PASS" starttime="20240326 17:30:28.202" endtime="20240326 17:30:38.036"/>
</suite>
<status status="PASS" starttime="20240326 17:30:28.199" endtime="20240326 17:30:38.038"/>
</suite>
<suite id="s1-s3" name="Suite 3" source="/home/ofra/workspace/Automacao_Correios/testes/suite 3">
<suite id="s1-s3-s1" name="Teste3" source="/home/ofra/workspace/Automacao_Correios/testes/suite 3/teste3.robot">
<test id="s1-s3-s1-t1" name="Entrar no site" line="11">
<kw name="Dado que eu acesso o site dos correios">
<kw name="Open Browser" library="SeleniumLibrary">
<arg>https://www.correios.com.br/</arg>
<doc>Opens a new browser instance to the optional ``url``.</doc>
<msg timestamp="20240326 17:30:38.046" level="INFO">Opening browser 'firefox' to base url 'https://www.correios.com.br/'.</msg>
<status status="PASS" starttime="20240326 17:30:38.045" endtime="20240326 17:30:45.221"/>
</kw>
<kw name="Close Browser" library="SeleniumLibrary">
<doc>Closes the current browser.</doc>
<status status="PASS" starttime="20240326 17:30:45.221" endtime="20240326 17:30:46.979"/>
</kw>
<status status="PASS" starttime="20240326 17:30:38.045" endtime="20240326 17:30:46.979"/>
</kw>
<status status="PASS" starttime="20240326 17:30:38.044" endtime="20240326 17:30:46.979"/>
</test>
<status status="PASS" starttime="20240326 17:30:38.041" endtime="20240326 17:30:46.980"/>
</suite>
<status status="PASS" starttime="20240326 17:30:38.039" endtime="20240326 17:30:46.981"/>
</suite>
<status status="PASS" starttime="20240326 17:30:19.384" endtime="20240326 17:30:46.982"/>
</suite>
<statistics>
<total>
<stat pass="3" fail="0" skip="0">All Tests</stat>
</total>
<tag>
</tag>
<suite>
<stat pass="3" fail="0" skip="0" id="s1" name="Testes">Testes</stat>
<stat pass="1" fail="0" skip="0" id="s1-s1" name="Suite 1">Testes.Suite 1</stat>
<stat pass="1" fail="0" skip="0" id="s1-s1-s1" name="Teste1">Testes.Suite 1.Teste1</stat>
<stat pass="1" fail="0" skip="0" id="s1-s2" name="Suite 2">Testes.Suite 2</stat>
<stat pass="1" fail="0" skip="0" id="s1-s2-s1" name="Teste2">Testes.Suite 2.Teste2</stat>
<stat pass="1" fail="0" skip="0" id="s1-s3" name="Suite 3">Testes.Suite 3</stat>
<stat pass="1" fail="0" skip="0" id="s1-s3-s1" name="Teste3">Testes.Suite 3.Teste3</stat>
</suite>
</statistics>
<errors>
</errors>
</robot>
